<?xml version="1.0" encoding="UTF-8"?>
<!-- Generated by org.testng.reporters.JUnitReportReporter -->
<testsuite hostname="DESKTOP-6E68LNE" failures="0" tests="3" name="mytestcaseSsucelap.MaintestCases" time="0.791" errors="0" timestamp="2025-01-05T14:55:08 EET" skipped="1">
  <testcase classname="mytestcaseSsucelap.MaintestCases" name="Login" time="0.370"/>
  <system-out/>
  <testcase classname="mytestcaseSsucelap.MaintestCases" name="AddCertainNumberOfItems" time="0.421"/>
  <system-out/>
  <testcase classname="mytestcaseSsucelap.MaintestCases" name="AddAllItems">
    <skipped/>
  </testcase> <!-- AddAllItems -->
  <system-out/>
</testsuite> <!-- mytestcaseSsucelap.MaintestCases -->
